<?xml version="1.0" encoding="UTF-8"?>
<!-- Generated by org.testng.reporters.JUnitReportReporter -->
<testsuite hostname="MacBook-Pro.local" failures="0" tests="1" name="sample.BubbleSortEx" time="0.007" errors="0" timestamp="2020-07-22T11:50:48 PDT" skipped="0">
  <testcase classname="sample.BubbleSortEx" name="BubbleSort" time="0.007"/>
  <system-out/>
</testsuite> <!-- sample.BubbleSortEx -->
