<?xml version="1.0" encoding="UTF-8"?>
<!-- Generated by org.testng.reporters.JUnitReportReporter -->
<testsuite hostname="MacBook-Pro.local" failures="0" tests="1" name="sample.demo" time="0.006" errors="0" timestamp="2020-07-22T15:40:31 PDT" skipped="0">
  <testcase classname="sample.demo" name="findRepeatation" time="0.006"/>
  <system-out/>
</testsuite> <!-- sample.demo -->
