<?xml version="1.0" encoding="UTF-8"?>
<!-- Generated by org.testng.reporters.JUnitReportReporter -->
<testsuite hostname="MacBook-Pro.local" failures="0" tests="3" name="sample.SampleTest" time="0.009" errors="0" timestamp="2020-07-22T13:59:45 PDT" skipped="0">
  <testcase classname="sample.SampleTest" name="BubbleSort" time="0.007"/>
  <system-out/>
  <testcase classname="sample.SampleTest" name="uniqueNumbersCount" time="0.002"/>
  <system-out/>
  <testcase classname="sample.SampleTest" name="isPalindrime" time="0.000"/>
  <system-out/>
</testsuite> <!-- sample.SampleTest -->
