<?xml version="1.0" encoding="UTF-8"?>
<!-- Generated by org.testng.reporters.JUnitReportReporter -->
<testsuite hostname="MacBook-Pro.local" failures="0" tests="1" name="sample.WebTest" time="2.997" errors="0" timestamp="2020-07-22T23:24:33 PDT" skipped="0">
  <testcase classname="sample.WebTest" name="amazonHomePageTest" time="2.997"/>
  <system-out/>
</testsuite> <!-- sample.WebTest -->
