<?xml version="1.0" encoding="UTF-8"?>
<!-- Generated by org.testng.reporters.JUnitReportReporter -->
<testsuite hostname="MacBook-Pro.local" failures="0" tests="5" name="sample.SampleTest" time="0.011" errors="0" timestamp="2020-07-22T14:39:40 PDT" skipped="0">
  <testcase classname="sample.SampleTest" name="uniqueNumbersList" time="0.002"/>
  <system-out/>
  <testcase classname="sample.SampleTest" name="isPalindrime" time="0.001"/>
  <system-out/>
  <testcase classname="sample.SampleTest" name="countNumbersOfLetters" time="0.001"/>
  <system-out/>
  <testcase classname="sample.SampleTest" name="BubbleSort" time="0.006"/>
  <system-out/>
  <testcase classname="sample.SampleTest" name="removeJunkCharacters" time="0.001"/>
  <system-out/>
</testsuite> <!-- sample.SampleTest -->
