<?xml version="1.0" encoding="UTF-8"?>
<!-- Generated by org.testng.reporters.JUnitReportReporter -->
<testsuite hostname="MacBook-Pro.local" failures="0" tests="1" name="sample.WebTest" time="3.242" errors="0" timestamp="2020-07-23T00:04:03 PDT" skipped="0">
  <testcase classname="sample.WebTest" name="amazonHomePageTest" time="3.242"/>
  <system-out/>
</testsuite> <!-- sample.WebTest -->
